<?xml version="1.0" encoding="UTF-8"?>
<robot generator="Robot 5.0.1 (Python 3.9.13 on win32)" generated="20230524 16:04:39.023" rpa="true" schemaversion="3">
<suite id="s1" name="Tasks" source="c:\Users\HP\Desktop\robotdasedonnee\tasks.robot">
<kw name="Connect To Database" library="RPA.Database" type="SETUP">
<arg>psycopg2</arg>
<arg>${dbname}</arg>
<arg>${dbusername}</arg>
<arg>${dbpassword}</arg>
<arg>${dbhost}</arg>
<arg>${dbport}</arg>
<doc>Connect to database using DB API 2.0 module.</doc>
<msg timestamp="20230524 16:04:42.245" level="INFO">Protecting keyword: RPA.Database.Connect To Database</msg>
<msg timestamp="20230524 16:04:42.357" level="INFO">Log level changed from NONE to INFO.</msg>
<status status="PASS" starttime="20230524 16:04:42.241" endtime="20230524 16:04:42.356"/>
</kw>
<test id="s1-t1" name="Recuperer les donnees du rapport depuis la base de donnees et envoyer un mail au responsable avec une piece jointe pdf" line="26">
<kw name="Lire base de donnees">
<var>@{List_nom_responsable}</var>
<kw name="Query" library="RPA.Database">
<var>@{list_rapports}</var>
<arg>Select * FROM ${tblname}</arg>
<doc>Execute a SQL query and optionally return the execution result.</doc>
<msg timestamp="20230524 16:04:42.363" level="INFO">Executing query: Select * FROM tbl_rapport_journalier</msg>
<msg timestamp="20230524 16:04:42.372" level="INFO">@{list_rapports} = [ {'id': 1, 'nom_magasin': 'CAP NORD', 'nom_responsable': 'Roméo BEYARA', 'email_responsable': 'romeo.beyara@eburtis.ci', 'jounee': datetime.date(2023, 5, 19), 'carte_bancaire': Decimal('12000'), 'esp...</msg>
<status status="PASS" starttime="20230524 16:04:42.362" endtime="20230524 16:04:42.372"/>
</kw>
<msg timestamp="20230524 16:04:42.374" level="INFO">@{List_nom_responsable} = [ {'id': 1, 'nom_magasin': 'CAP NORD', 'nom_responsable': 'Roméo BEYARA', 'email_responsable': 'romeo.beyara@eburtis.ci', 'jounee': datetime.date(2023, 5, 19), 'carte_bancaire': Decimal('12000'), 'esp...</msg>
<status status="PASS" starttime="20230524 16:04:42.361" endtime="20230524 16:04:42.374"/>
</kw>
<for flavor="IN">
<var>${element}</var>
<value>@{List_nom_responsable}</value>
<iter>
<var name="${element}">{'id': 1, 'nom_magasin': 'CAP NORD', 'nom_responsable': 'Roméo BEYARA', 'email_responsable': 'romeo.beyara@eburtis.ci', 'jounee': datetime.date(2023, 5, 19), 'carte_bancaire': Decimal('12000'), 'espec...</var>
<kw name="Log" library="BuiltIn">
<arg>${element}</arg>
<doc>Logs the given message with the given level.</doc>
<msg timestamp="20230524 16:04:42.381" level="INFO">{'id': 1, 'nom_magasin': 'CAP NORD', 'nom_responsable': 'Roméo BEYARA', 'email_responsable': 'romeo.beyara@eburtis.ci', 'jounee': datetime.date(2023, 5, 19), 'carte_bancaire': Decimal('12000'), 'especes': Decimal('5000'), 'ticket_restaurant': Decimal('1000'), 'prelevement': Decimal('14000'), 'apportmonnaie': Decimal('3000')}</msg>
<status status="PASS" starttime="20230524 16:04:42.380" endtime="20230524 16:04:42.382"/>
</kw>
<kw name="Create Dictionary" library="BuiltIn">
<var>&amp;{dictionnaire_rapports}</var>
<arg>date= ${element}[jounee]</arg>
<arg>nom_responsable=${element}[nom_responsable]</arg>
<doc>Creates and returns a dictionary based on the given ``items``.</doc>
<msg timestamp="20230524 16:04:42.387" level="INFO">&amp;{dictionnaire_rapports} = { date= 2023-05-19 | nom_responsable=Roméo BEYARA }</msg>
<status status="PASS" starttime="20230524 16:04:42.382" endtime="20230524 16:04:42.388"/>
</kw>
<for flavor="IN">
<var>${key}</var>
<value>@{dictionnaire_rapports}</value>
<iter>
<var name="${key}">date</var>
<kw name="Log" library="BuiltIn">
<arg>${key}=${dictionnaire_rapports}[${key}]</arg>
<doc>Logs the given message with the given level.</doc>
<msg timestamp="20230524 16:04:42.392" level="INFO">date= 2023-05-19</msg>
<status status="PASS" starttime="20230524 16:04:42.390" endtime="20230524 16:04:42.393"/>
</kw>
<status status="PASS" starttime="20230524 16:04:42.389" endtime="20230524 16:04:42.394"/>
</iter>
<iter>
<var name="${key}">nom_responsable</var>
<kw name="Log" library="BuiltIn">
<arg>${key}=${dictionnaire_rapports}[${key}]</arg>
<doc>Logs the given message with the given level.</doc>
<msg timestamp="20230524 16:04:42.398" level="INFO">nom_responsable=Roméo BEYARA</msg>
<status status="PASS" starttime="20230524 16:04:42.397" endtime="20230524 16:04:42.399"/>
</kw>
<status status="PASS" starttime="20230524 16:04:42.396" endtime="20230524 16:04:42.400"/>
</iter>
<status status="PASS" starttime="20230524 16:04:42.388" endtime="20230524 16:04:42.400"/>
</for>
<status status="PASS" starttime="20230524 16:04:42.378" endtime="20230524 16:04:42.401"/>
</iter>
<iter>
<var name="${element}">{'id': 3, 'nom_magasin': 'CAP NORD', 'nom_responsable': 'Roméo BEYARA', 'email_responsable': 'romeo.beyara@eburtis.ci', 'jounee': datetime.date(2023, 5, 23), 'carte_bancaire': Decimal('12000'), 'espec...</var>
<kw name="Log" library="BuiltIn">
<arg>${element}</arg>
<doc>Logs the given message with the given level.</doc>
<msg timestamp="20230524 16:04:42.404" level="INFO">{'id': 3, 'nom_magasin': 'CAP NORD', 'nom_responsable': 'Roméo BEYARA', 'email_responsable': 'romeo.beyara@eburtis.ci', 'jounee': datetime.date(2023, 5, 23), 'carte_bancaire': Decimal('12000'), 'especes': Decimal('5000'), 'ticket_restaurant': Decimal('1000'), 'prelevement': Decimal('14000'), 'apportmonnaie': Decimal('3000')}</msg>
<status status="PASS" starttime="20230524 16:04:42.403" endtime="20230524 16:04:42.404"/>
</kw>
<kw name="Create Dictionary" library="BuiltIn">
<var>&amp;{dictionnaire_rapports}</var>
<arg>date= ${element}[jounee]</arg>
<arg>nom_responsable=${element}[nom_responsable]</arg>
<doc>Creates and returns a dictionary based on the given ``items``.</doc>
<msg timestamp="20230524 16:04:42.407" level="INFO">&amp;{dictionnaire_rapports} = { date= 2023-05-23 | nom_responsable=Roméo BEYARA }</msg>
<status status="PASS" starttime="20230524 16:04:42.405" endtime="20230524 16:04:42.407"/>
</kw>
<for flavor="IN">
<var>${key}</var>
<value>@{dictionnaire_rapports}</value>
<iter>
<var name="${key}">date</var>
<kw name="Log" library="BuiltIn">
<arg>${key}=${dictionnaire_rapports}[${key}]</arg>
<doc>Logs the given message with the given level.</doc>
<msg timestamp="20230524 16:04:42.413" level="INFO">date= 2023-05-23</msg>
<status status="PASS" starttime="20230524 16:04:42.412" endtime="20230524 16:04:42.414"/>
</kw>
<status status="PASS" starttime="20230524 16:04:42.409" endtime="20230524 16:04:42.414"/>
</iter>
<iter>
<var name="${key}">nom_responsable</var>
<kw name="Log" library="BuiltIn">
<arg>${key}=${dictionnaire_rapports}[${key}]</arg>
<doc>Logs the given message with the given level.</doc>
<msg timestamp="20230524 16:04:42.417" level="INFO">nom_responsable=Roméo BEYARA</msg>
<status status="PASS" starttime="20230524 16:04:42.415" endtime="20230524 16:04:42.417"/>
</kw>
<status status="PASS" starttime="20230524 16:04:42.414" endtime="20230524 16:04:42.417"/>
</iter>
<status status="PASS" starttime="20230524 16:04:42.408" endtime="20230524 16:04:42.418"/>
</for>
<status status="PASS" starttime="20230524 16:04:42.402" endtime="20230524 16:04:42.418"/>
</iter>
<iter>
<var name="${element}">{'id': 4, 'nom_magasin': 'SOCOCE', 'nom_responsable': "Gbamele N'Goran", 'email_responsable': 'gbamelealexandre02@gmail.com', 'jounee': datetime.date(2023, 5, 23), 'carte_bancaire': Decimal('2000'), '...</var>
<kw name="Log" library="BuiltIn">
<arg>${element}</arg>
<doc>Logs the given message with the given level.</doc>
<msg timestamp="20230524 16:04:42.421" level="INFO">{'id': 4, 'nom_magasin': 'SOCOCE', 'nom_responsable': "Gbamele N'Goran", 'email_responsable': 'gbamelealexandre02@gmail.com', 'jounee': datetime.date(2023, 5, 23), 'carte_bancaire': Decimal('2000'), 'especes': Decimal('11000'), 'ticket_restaurant': Decimal('7000'), 'prelevement': Decimal('17000'), 'apportmonnaie': Decimal('3000')}</msg>
<status status="PASS" starttime="20230524 16:04:42.420" endtime="20230524 16:04:42.421"/>
</kw>
<kw name="Create Dictionary" library="BuiltIn">
<var>&amp;{dictionnaire_rapports}</var>
<arg>date= ${element}[jounee]</arg>
<arg>nom_responsable=${element}[nom_responsable]</arg>
<doc>Creates and returns a dictionary based on the given ``items``.</doc>
<msg timestamp="20230524 16:04:42.423" level="INFO">&amp;{dictionnaire_rapports} = { date= 2023-05-23 | nom_responsable=Gbamele N'Goran }</msg>
<status status="PASS" starttime="20230524 16:04:42.422" endtime="20230524 16:04:42.423"/>
</kw>
<for flavor="IN">
<var>${key}</var>
<value>@{dictionnaire_rapports}</value>
<iter>
<var name="${key}">date</var>
<kw name="Log" library="BuiltIn">
<arg>${key}=${dictionnaire_rapports}[${key}]</arg>
<doc>Logs the given message with the given level.</doc>
<msg timestamp="20230524 16:04:42.427" level="INFO">date= 2023-05-23</msg>
<status status="PASS" starttime="20230524 16:04:42.424" endtime="20230524 16:04:42.428"/>
</kw>
<status status="PASS" starttime="20230524 16:04:42.424" endtime="20230524 16:04:42.429"/>
</iter>
<iter>
<var name="${key}">nom_responsable</var>
<kw name="Log" library="BuiltIn">
<arg>${key}=${dictionnaire_rapports}[${key}]</arg>
<doc>Logs the given message with the given level.</doc>
<msg timestamp="20230524 16:04:42.430" level="INFO">nom_responsable=Gbamele N'Goran</msg>
<status status="PASS" starttime="20230524 16:04:42.429" endtime="20230524 16:04:42.431"/>
</kw>
<status status="PASS" starttime="20230524 16:04:42.429" endtime="20230524 16:04:42.431"/>
</iter>
<status status="PASS" starttime="20230524 16:04:42.423" endtime="20230524 16:04:42.432"/>
</for>
<status status="PASS" starttime="20230524 16:04:42.419" endtime="20230524 16:04:42.432"/>
</iter>
<iter>
<var name="${element}">{'id': 2, 'nom_magasin': 'SOCOCE', 'nom_responsable': "Gbamele N'Goran", 'email_responsable': 'gbamelealexandre02@gmail.com', 'jounee': datetime.date(2023, 5, 23), 'carte_bancaire': Decimal('2000'), '...</var>
<kw name="Log" library="BuiltIn">
<arg>${element}</arg>
<doc>Logs the given message with the given level.</doc>
<msg timestamp="20230524 16:04:42.434" level="INFO">{'id': 2, 'nom_magasin': 'SOCOCE', 'nom_responsable': "Gbamele N'Goran", 'email_responsable': 'gbamelealexandre02@gmail.com', 'jounee': datetime.date(2023, 5, 23), 'carte_bancaire': Decimal('2000'), 'especes': Decimal('11000'), 'ticket_restaurant': Decimal('7000'), 'prelevement': Decimal('17000'), 'apportmonnaie': Decimal('3500')}</msg>
<status status="PASS" starttime="20230524 16:04:42.433" endtime="20230524 16:04:42.434"/>
</kw>
<kw name="Create Dictionary" library="BuiltIn">
<var>&amp;{dictionnaire_rapports}</var>
<arg>date= ${element}[jounee]</arg>
<arg>nom_responsable=${element}[nom_responsable]</arg>
<doc>Creates and returns a dictionary based on the given ``items``.</doc>
<msg timestamp="20230524 16:04:42.436" level="INFO">&amp;{dictionnaire_rapports} = { date= 2023-05-23 | nom_responsable=Gbamele N'Goran }</msg>
<status status="PASS" starttime="20230524 16:04:42.435" endtime="20230524 16:04:42.436"/>
</kw>
<for flavor="IN">
<var>${key}</var>
<value>@{dictionnaire_rapports}</value>
<iter>
<var name="${key}">date</var>
<kw name="Log" library="BuiltIn">
<arg>${key}=${dictionnaire_rapports}[${key}]</arg>
<doc>Logs the given message with the given level.</doc>
<msg timestamp="20230524 16:04:42.438" level="INFO">date= 2023-05-23</msg>
<status status="PASS" starttime="20230524 16:04:42.437" endtime="20230524 16:04:42.438"/>
</kw>
<status status="PASS" starttime="20230524 16:04:42.437" endtime="20230524 16:04:42.438"/>
</iter>
<iter>
<var name="${key}">nom_responsable</var>
<kw name="Log" library="BuiltIn">
<arg>${key}=${dictionnaire_rapports}[${key}]</arg>
<doc>Logs the given message with the given level.</doc>
<msg timestamp="20230524 16:04:42.440" level="INFO">nom_responsable=Gbamele N'Goran</msg>
<status status="PASS" starttime="20230524 16:04:42.439" endtime="20230524 16:04:42.440"/>
</kw>
<status status="PASS" starttime="20230524 16:04:42.439" endtime="20230524 16:04:42.441"/>
</iter>
<status status="PASS" starttime="20230524 16:04:42.436" endtime="20230524 16:04:42.441"/>
</for>
<status status="PASS" starttime="20230524 16:04:42.433" endtime="20230524 16:04:42.441"/>
</iter>
<status status="PASS" starttime="20230524 16:04:42.377" endtime="20230524 16:04:42.441"/>
</for>
<status status="PASS" starttime="20230524 16:04:42.357" endtime="20230524 16:04:42.447"/>
</test>
<kw name="Disconnect From Database" library="RPA.Database" type="TEARDOWN">
<doc>Close connection to SQL database</doc>
<status status="PASS" starttime="20230524 16:04:42.455" endtime="20230524 16:04:42.457"/>
</kw>
<doc>Template robot main suite.</doc>
<status status="PASS" starttime="20230524 16:04:39.038" endtime="20230524 16:04:42.458"/>
</suite>
<statistics>
<total>
<stat pass="1" fail="0" skip="0">All Tasks</stat>
</total>
<tag>
</tag>
<suite>
<stat pass="1" fail="0" skip="0" id="s1" name="Tasks">Tasks</stat>
</suite>
</statistics>
<errors>
</errors>
</robot>
